Compiling the C compiler identification source file "CMakeCCompilerId.c" failed.
Compiler: clang 
Build flags: 
Id flags:  

The output was:
No such file or directory


Compiling the C compiler identification source file "CMakeCCompilerId.c" failed.
Compiler: clang 
Build flags: 
Id flags: -c 

The output was:
No such file or directory


Compiling the C compiler identification source file "CMakeCCompilerId.c" failed.
Compiler: clang 
Build flags: 
Id flags: -Aa 

The output was:
No such file or directory


Compiling the C compiler identification source file "CMakeCCompilerId.c" failed.
Compiler: clang 
Build flags: 
Id flags: -D__CLASSIC_C__ 

The output was:
No such file or directory


Compiling the C compiler identification source file "CMakeCCompilerId.c" failed.
Compiler: clang 
Build flags: 
Id flags: --target=arm-arm-none-eabi;-mcpu=cortex-m3 

The output was:
No such file or directory


Compiling the C compiler identification source file "CMakeCCompilerId.c" failed.
Compiler: clang 
Build flags: 
Id flags:  

The output was:
No such file or directory


Compiling the C compiler identification source file "CMakeCCompilerId.c" failed.
Compiler: clang 
Build flags: 
Id flags: -c 

The output was:
No such file or directory


Compiling the C compiler identification source file "CMakeCCompilerId.c" failed.
Compiler: clang 
Build flags: 
Id flags: -Aa 

The output was:
No such file or directory


Compiling the C compiler identification source file "CMakeCCompilerId.c" failed.
Compiler: clang 
Build flags: 
Id flags: -D__CLASSIC_C__ 

The output was:
No such file or directory


Compiling the C compiler identification source file "CMakeCCompilerId.c" failed.
Compiler: clang 
Build flags: 
Id flags: --target=arm-arm-none-eabi;-mcpu=cortex-m3 

The output was:
No such file or directory


Checking whether the C compiler is IAR using "" did not match "IAR .+ Compiler":
Checking whether the C compiler is IAR using "" did not match "IAR .+ Compiler":
Checking whether the ASM compiler is GNU using "--version" did not match "(GNU assembler)|(GCC)|(Free Software Foundation)":
Checking whether the ASM compiler is Clang using "--version" did not match "(clang version)":
Checking whether the ASM compiler is AppleClang using "--version" did not match "(Apple LLVM version)":
Checking whether the ASM compiler is ARMClang using "--version" did not match "armclang":
Checking whether the ASM compiler is HP using "-V" did not match "HP C":
Checking whether the ASM compiler is Intel using "--version" did not match "(ICC)":
Checking whether the ASM compiler is SunPro using "-V" did not match "Sun C":
Checking whether the ASM compiler is XL using "-qversion" did not match "XL C":
Checking whether the ASM compiler is MSVC using "-?" did not match "Microsoft":
Checking whether the ASM compiler is TI using "-h" did not match "Texas Instruments":
Checking whether the ASM compiler is IAR using "" did not match "IAR Assembler":
Checking whether the ASM compiler is ARMCC using "" did not match "(ARM Compiler)|(ARM Assembler)":
Checking whether the ASM compiler is NASM using "-v" did not match "(NASM version)":
Checking whether the ASM compiler is YASM using "--version" did not match "(yasm)":
Checking whether the ASM compiler is ADSP using "-version" did not match "Analog Devices":
Checking whether the ASM compiler is QCC using "-V" did not match "gcc_nto":
Checking whether the ASM compiler is GNU using "--version" did not match "(GNU assembler)|(GCC)|(Free Software Foundation)":
clang version 10.0.0-4ubuntu1 
Target: x86_64-pc-linux-gnu
Thread model: posix
InstalledDir: /usr/bin
Performing C SOURCE FILE Test HAS_NO9099 failed with the following output:
Change Dir: /home/cc/syscall_intercept/CMakeFiles/CMakeTmp

Run Build Command(s):/usr/bin/make cmTC_ccd9d/fast && /usr/bin/make -f CMakeFiles/cmTC_ccd9d.dir/build.make CMakeFiles/cmTC_ccd9d.dir/build
make[1]: Entering directory '/home/cc/syscall_intercept/CMakeFiles/CMakeTmp'
Building C object CMakeFiles/cmTC_ccd9d.dir/src.c.o
/usr/bin/clang   -DHAS_NO9099   -Wno-c90-c99-compat -o CMakeFiles/cmTC_ccd9d.dir/src.c.o   -c /home/cc/syscall_intercept/CMakeFiles/CMakeTmp/src.c
warning: unknown warning option '-Wno-c90-c99-compat'; did you mean '-Wno-c99-compat'? [-Wunknown-warning-option]
1 warning generated.
Linking C executable cmTC_ccd9d
/usr/bin/cmake -E cmake_link_script CMakeFiles/cmTC_ccd9d.dir/link.txt --verbose=1
/usr/bin/clang  -DHAS_NO9099    -rdynamic CMakeFiles/cmTC_ccd9d.dir/src.c.o  -o cmTC_ccd9d 
make[1]: Leaving directory '/home/cc/syscall_intercept/CMakeFiles/CMakeTmp'


Source file was:
int main(void) { return 0; }
Performing C SOURCE FILE Test CMAKE_HAVE_LIBC_PTHREAD failed with the following output:
Change Dir: /home/cc/syscall_intercept/CMakeFiles/CMakeTmp

Run Build Command(s):/usr/bin/make cmTC_9d43a/fast && /usr/bin/make -f CMakeFiles/cmTC_9d43a.dir/build.make CMakeFiles/cmTC_9d43a.dir/build
make[1]: Entering directory '/home/cc/syscall_intercept/CMakeFiles/CMakeTmp'
Building C object CMakeFiles/cmTC_9d43a.dir/src.c.o
/usr/bin/clang   -Werror -Wall -Wextra -pedantic -Wno-missing-field-initializers -DCMAKE_HAVE_LIBC_PTHREAD -fPIE   -o CMakeFiles/cmTC_9d43a.dir/src.c.o   -c /home/cc/syscall_intercept/CMakeFiles/CMakeTmp/src.c
Linking C executable cmTC_9d43a
/usr/bin/cmake -E cmake_link_script CMakeFiles/cmTC_9d43a.dir/link.txt --verbose=1
/usr/bin/clang  -Werror -Wall -Wextra -pedantic -Wno-missing-field-initializers -DCMAKE_HAVE_LIBC_PTHREAD    -rdynamic CMakeFiles/cmTC_9d43a.dir/src.c.o  -o cmTC_9d43a 
/usr/bin/ld: CMakeFiles/cmTC_9d43a.dir/src.c.o: in function `main':
src.c:(.text+0x32): undefined reference to `pthread_create'
/usr/bin/ld: src.c:(.text+0x3e): undefined reference to `pthread_detach'
/usr/bin/ld: src.c:(.text+0x50): undefined reference to `pthread_join'
clang: error: linker command failed with exit code 1 (use -v to see invocation)
make[1]: *** [CMakeFiles/cmTC_9d43a.dir/build.make:87: cmTC_9d43a] Error 1
make[1]: Leaving directory '/home/cc/syscall_intercept/CMakeFiles/CMakeTmp'
make: *** [Makefile:121: cmTC_9d43a/fast] Error 2


Source file was:
#include <pthread.h>

void* test_func(void* data)
{
  return data;
}

int main(void)
{
  pthread_t thread;
  pthread_create(&thread, NULL, test_func, NULL);
  pthread_detach(thread);
  pthread_join(thread, NULL);
  pthread_atfork(NULL, NULL, NULL);
  pthread_exit(NULL);

  return 0;
}

Determining if the function pthread_create exists in the pthreads failed with the following output:
Change Dir: /home/cc/syscall_intercept/CMakeFiles/CMakeTmp

Run Build Command(s):/usr/bin/make cmTC_925e3/fast && /usr/bin/make -f CMakeFiles/cmTC_925e3.dir/build.make CMakeFiles/cmTC_925e3.dir/build
make[1]: Entering directory '/home/cc/syscall_intercept/CMakeFiles/CMakeTmp'
Building C object CMakeFiles/cmTC_925e3.dir/CheckFunctionExists.c.o
/usr/bin/clang   -Werror -Wall -Wextra -pedantic -Wno-missing-field-initializers -DCHECK_FUNCTION_EXISTS=pthread_create -fPIE   -o CMakeFiles/cmTC_925e3.dir/CheckFunctionExists.c.o   -c /usr/share/cmake-3.16/Modules/CheckFunctionExists.c
Linking C executable cmTC_925e3
/usr/bin/cmake -E cmake_link_script CMakeFiles/cmTC_925e3.dir/link.txt --verbose=1
/usr/bin/clang  -Werror -Wall -Wextra -pedantic -Wno-missing-field-initializers -DCHECK_FUNCTION_EXISTS=pthread_create    -rdynamic CMakeFiles/cmTC_925e3.dir/CheckFunctionExists.c.o  -o cmTC_925e3  -lpthreads 
/usr/bin/ld: cannot find -lpthreads
clang: error: linker command failed with exit code 1 (use -v to see invocation)
make[1]: *** [CMakeFiles/cmTC_925e3.dir/build.make:87: cmTC_925e3] Error 1
make[1]: Leaving directory '/home/cc/syscall_intercept/CMakeFiles/CMakeTmp'
make: *** [Makefile:121: cmTC_925e3/fast] Error 2



Compiling the C compiler identification source file "CMakeCCompilerId.c" failed.
Compiler: clang 
Build flags: 
Id flags:  

The output was:
No such file or directory


Compiling the C compiler identification source file "CMakeCCompilerId.c" failed.
Compiler: clang 
Build flags: 
Id flags: -c 

The output was:
No such file or directory


Compiling the C compiler identification source file "CMakeCCompilerId.c" failed.
Compiler: clang 
Build flags: 
Id flags: -Aa 

The output was:
No such file or directory


Compiling the C compiler identification source file "CMakeCCompilerId.c" failed.
Compiler: clang 
Build flags: 
Id flags: -D__CLASSIC_C__ 

The output was:
No such file or directory


Compiling the C compiler identification source file "CMakeCCompilerId.c" failed.
Compiler: clang 
Build flags: 
Id flags: --target=arm-arm-none-eabi;-mcpu=cortex-m3 

The output was:
No such file or directory


Compiling the C compiler identification source file "CMakeCCompilerId.c" failed.
Compiler: clang 
Build flags: 
Id flags:  

The output was:
No such file or directory


Compiling the C compiler identification source file "CMakeCCompilerId.c" failed.
Compiler: clang 
Build flags: 
Id flags: -c 

The output was:
No such file or directory


Compiling the C compiler identification source file "CMakeCCompilerId.c" failed.
Compiler: clang 
Build flags: 
Id flags: -Aa 

The output was:
No such file or directory


Compiling the C compiler identification source file "CMakeCCompilerId.c" failed.
Compiler: clang 
Build flags: 
Id flags: -D__CLASSIC_C__ 

The output was:
No such file or directory


Compiling the C compiler identification source file "CMakeCCompilerId.c" failed.
Compiler: clang 
Build flags: 
Id flags: --target=arm-arm-none-eabi;-mcpu=cortex-m3 

The output was:
No such file or directory


Checking whether the C compiler is IAR using "" did not match "IAR .+ Compiler":
Checking whether the C compiler is IAR using "" did not match "IAR .+ Compiler":
Checking whether the ASM compiler is GNU using "--version" did not match "(GNU assembler)|(GCC)|(Free Software Foundation)":
Checking whether the ASM compiler is Clang using "--version" did not match "(clang version)":
Checking whether the ASM compiler is AppleClang using "--version" did not match "(Apple LLVM version)":
Checking whether the ASM compiler is ARMClang using "--version" did not match "armclang":
Checking whether the ASM compiler is HP using "-V" did not match "HP C":
Checking whether the ASM compiler is Intel using "--version" did not match "(ICC)":
Checking whether the ASM compiler is SunPro using "-V" did not match "Sun C":
Checking whether the ASM compiler is XL using "-qversion" did not match "XL C":
Checking whether the ASM compiler is MSVC using "-?" did not match "Microsoft":
Checking whether the ASM compiler is TI using "-h" did not match "Texas Instruments":
Checking whether the ASM compiler is IAR using "" did not match "IAR Assembler":
Checking whether the ASM compiler is ARMCC using "" did not match "(ARM Compiler)|(ARM Assembler)":
Checking whether the ASM compiler is NASM using "-v" did not match "(NASM version)":
Checking whether the ASM compiler is YASM using "--version" did not match "(yasm)":
Checking whether the ASM compiler is ADSP using "-version" did not match "Analog Devices":
Checking whether the ASM compiler is QCC using "-V" did not match "gcc_nto":
Compiling the C compiler identification source file "CMakeCCompilerId.c" failed.
Compiler: clang 
Build flags: 
Id flags:  

The output was:
No such file or directory


Compiling the C compiler identification source file "CMakeCCompilerId.c" failed.
Compiler: clang 
Build flags: 
Id flags: -c 

The output was:
No such file or directory


Compiling the C compiler identification source file "CMakeCCompilerId.c" failed.
Compiler: clang 
Build flags: 
Id flags: -Aa 

The output was:
No such file or directory


Compiling the C compiler identification source file "CMakeCCompilerId.c" failed.
Compiler: clang 
Build flags: 
Id flags: -D__CLASSIC_C__ 

The output was:
No such file or directory


Compiling the C compiler identification source file "CMakeCCompilerId.c" failed.
Compiler: clang 
Build flags: 
Id flags: --target=arm-arm-none-eabi;-mcpu=cortex-m3 

The output was:
No such file or directory


Compiling the C compiler identification source file "CMakeCCompilerId.c" failed.
Compiler: clang 
Build flags: 
Id flags:  

The output was:
No such file or directory


Compiling the C compiler identification source file "CMakeCCompilerId.c" failed.
Compiler: clang 
Build flags: 
Id flags: -c 

The output was:
No such file or directory


Compiling the C compiler identification source file "CMakeCCompilerId.c" failed.
Compiler: clang 
Build flags: 
Id flags: -Aa 

The output was:
No such file or directory


Compiling the C compiler identification source file "CMakeCCompilerId.c" failed.
Compiler: clang 
Build flags: 
Id flags: -D__CLASSIC_C__ 

The output was:
No such file or directory


Compiling the C compiler identification source file "CMakeCCompilerId.c" failed.
Compiler: clang 
Build flags: 
Id flags: --target=arm-arm-none-eabi;-mcpu=cortex-m3 

The output was:
No such file or directory


Checking whether the C compiler is IAR using "" did not match "IAR .+ Compiler":
Checking whether the C compiler is IAR using "" did not match "IAR .+ Compiler":
Checking whether the ASM compiler is GNU using "--version" did not match "(GNU assembler)|(GCC)|(Free Software Foundation)":
Checking whether the ASM compiler is Clang using "--version" did not match "(clang version)":
Checking whether the ASM compiler is AppleClang using "--version" did not match "(Apple LLVM version)":
Checking whether the ASM compiler is ARMClang using "--version" did not match "armclang":
Checking whether the ASM compiler is HP using "-V" did not match "HP C":
Checking whether the ASM compiler is Intel using "--version" did not match "(ICC)":
Checking whether the ASM compiler is SunPro using "-V" did not match "Sun C":
Checking whether the ASM compiler is XL using "-qversion" did not match "XL C":
Checking whether the ASM compiler is MSVC using "-?" did not match "Microsoft":
Checking whether the ASM compiler is TI using "-h" did not match "Texas Instruments":
Checking whether the ASM compiler is IAR using "" did not match "IAR Assembler":
Checking whether the ASM compiler is ARMCC using "" did not match "(ARM Compiler)|(ARM Assembler)":
Checking whether the ASM compiler is NASM using "-v" did not match "(NASM version)":
Checking whether the ASM compiler is YASM using "--version" did not match "(yasm)":
Checking whether the ASM compiler is ADSP using "-version" did not match "Analog Devices":
Checking whether the ASM compiler is QCC using "-V" did not match "gcc_nto":
Checking whether the ASM compiler is GNU using "--version" did not match "(GNU assembler)|(GCC)|(Free Software Foundation)":
clang version 10.0.0-4ubuntu1 
Target: x86_64-pc-linux-gnu
Thread model: posix
InstalledDir: /usr/bin
